<?xml version="1.0" encoding="UTF-8"?>
<!-- Generated by org.testng.reporters.JUnitReportReporter -->
<testsuite hostname="LTIN117178" failures="0" tests="1" name="com.GSD.tests.GSDPageTest" time="24.735" errors="0" timestamp="2022-01-29T15:08:55 IST" skipped="0">
  <testcase classname="com.GSD.tests.GSDPageTest" name="gsdPageTest" time="24.735"/>
  <system-out/>
</testsuite> <!-- com.GSD.tests.GSDPageTest -->
