<?xml version="1.0" encoding="UTF-8"?>
<!-- Generated by org.testng.reporters.JUnitReportReporter -->
<testsuite hostname="LTIN117178" failures="0" tests="1" name="com.GSD.tests.HomePageTest" time="130.667" errors="0" timestamp="2022-01-29T15:08:55 IST" skipped="0">
  <testcase classname="com.GSD.tests.HomePageTest" name="homePageTest" time="130.667"/>
  <system-out/>
</testsuite> <!-- com.GSD.tests.HomePageTest -->
