<?xml version="1.0" encoding="UTF-8"?>
<!-- Generated by org.testng.reporters.JUnitReportReporter -->
<testsuite hostname="LTIN117178" failures="0" tests="2" name="com.GSD.mainTest.MainGSDTest" time="58.068" errors="0" timestamp="2022-01-30T23:14:17 IST" skipped="0">
  <testcase classname="com.GSD.mainTest.MainGSDTest" name="HomePage" time="45.664"/>
  <system-out/>
  <testcase classname="com.GSD.mainTest.MainGSDTest" name="GSDPage" time="12.404"/>
  <system-out/>
</testsuite> <!-- com.GSD.mainTest.MainGSDTest -->
